{"/home/singgitbram/hacktiv phase 3/FINAL GRADUATION/Hokogu/server/app.js": {"path":"/home/singgitbram/hacktiv phase 3/FINAL GRADUATION/Hokogu/server/app.js","statementMap":{"0":{"start":{"line":1,"column":0},"end":{"line":1,"column":27}},"1":{"start":{"line":2,"column":16},"end":{"line":2,"column":34}},"2":{"start":{"line":3,"column":12},"end":{"line":3,"column":21}},"3":{"start":{"line":4,"column":13},"end":{"line":4,"column":17}},"4":{"start":{"line":5,"column":13},"end":{"line":5,"column":28}},"5":{"start":{"line":7,"column":0},"end":{"line":7,"column":16}},"6":{"start":{"line":8,"column":0},"end":{"line":8,"column":24}},"7":{"start":{"line":9,"column":0},"end":{"line":9,"column":48}},"8":{"start":{"line":11,"column":15},"end":{"line":11,"column":34}},"9":{"start":{"line":12,"column":0},"end":{"line":12,"column":16}},"10":{"start":{"line":16,"column":0},"end":{"line":16,"column":21}}},"fnMap":{},"branchMap":{},"s":{"0":1,"1":1,"2":1,"3":1,"4":1,"5":1,"6":1,"7":1,"8":1,"9":1,"10":1},"f":{},"b":{},"_coverageSchema":"1a1c01bbd47fc00a2c39e90264f33305004495a9","hash":"473935993a399c4da9aaf151342afe1ab0e873b3"}
,"/home/singgitbram/hacktiv phase 3/FINAL GRADUATION/Hokogu/server/controllers/favoriteController.js": {"path":"/home/singgitbram/hacktiv phase 3/FINAL GRADUATION/Hokogu/server/controllers/favoriteController.js","statementMap":{"0":{"start":{"line":1,"column":21},"end":{"line":1,"column":41}},"1":{"start":{"line":2,"column":15},"end":{"line":2,"column":35}},"2":{"start":{"line":6,"column":22},"end":{"line":13,"column":5}},"3":{"start":{"line":14,"column":4},"end":{"line":41,"column":9}},"4":{"start":{"line":21,"column":8},"end":{"line":25,"column":9}},"5":{"start":{"line":22,"column":10},"end":{"line":22,"column":75}},"6":{"start":{"line":24,"column":10},"end":{"line":24,"column":46}},"7":{"start":{"line":28,"column":8},"end":{"line":31,"column":11}},"8":{"start":{"line":34,"column":8},"end":{"line":40,"column":9}},"9":{"start":{"line":35,"column":10},"end":{"line":35,"column":80}},"10":{"start":{"line":37,"column":10},"end":{"line":39,"column":68}},"11":{"start":{"line":45,"column":13},"end":{"line":45,"column":36}},"12":{"start":{"line":46,"column":4},"end":{"line":55,"column":9}},"13":{"start":{"line":48,"column":8},"end":{"line":51,"column":11}},"14":{"start":{"line":54,"column":8},"end":{"line":54,"column":79}},"15":{"start":{"line":59,"column":4},"end":{"line":86,"column":9}},"16":{"start":{"line":61,"column":20},"end":{"line":61,"column":22}},"17":{"start":{"line":62,"column":8},"end":{"line":73,"column":9}},"18":{"start":{"line":62,"column":21},"end":{"line":62,"column":22}},"19":{"start":{"line":63,"column":21},"end":{"line":63,"column":26}},"20":{"start":{"line":64,"column":10},"end":{"line":69,"column":11}},"21":{"start":{"line":64,"column":23},"end":{"line":64,"column":24}},"22":{"start":{"line":65,"column":12},"end":{"line":68,"column":13}},"23":{"start":{"line":66,"column":14},"end":{"line":66,"column":34}},"24":{"start":{"line":67,"column":14},"end":{"line":67,"column":26}},"25":{"start":{"line":70,"column":10},"end":{"line":72,"column":11}},"26":{"start":{"line":71,"column":12},"end":{"line":71,"column":59}},"27":{"start":{"line":74,"column":8},"end":{"line":74,"column":54}},"28":{"start":{"line":74,"column":29},"end":{"line":74,"column":52}},"29":{"start":{"line":75,"column":21},"end":{"line":75,"column":23}},"30":{"start":{"line":76,"column":8},"end":{"line":81,"column":9}},"31":{"start":{"line":76,"column":21},"end":{"line":76,"column":22}},"32":{"start":{"line":77,"column":10},"end":{"line":79,"column":11}},"33":{"start":{"line":78,"column":12},"end":{"line":78,"column":18}},"34":{"start":{"line":80,"column":10},"end":{"line":80,"column":34}},"35":{"start":{"line":82,"column":8},"end":{"line":82,"column":55}},"36":{"start":{"line":85,"column":8},"end":{"line":85,"column":79}},"37":{"start":{"line":90,"column":13},"end":{"line":90,"column":34}},"38":{"start":{"line":92,"column":4},"end":{"line":114,"column":9}},"39":{"start":{"line":102,"column":8},"end":{"line":107,"column":9}},"40":{"start":{"line":103,"column":10},"end":{"line":103,"column":66}},"41":{"start":{"line":106,"column":10},"end":{"line":106,"column":62}},"42":{"start":{"line":110,"column":8},"end":{"line":110,"column":72}},"43":{"start":{"line":113,"column":8},"end":{"line":113,"column":79}},"44":{"start":{"line":118,"column":0},"end":{"line":118,"column":36}}},"fnMap":{"0":{"name":"(anonymous_0)","decl":{"start":{"line":5,"column":2},"end":{"line":5,"column":3}},"loc":{"start":{"line":5,"column":31},"end":{"line":42,"column":3}},"line":5},"1":{"name":"(anonymous_1)","decl":{"start":{"line":20,"column":12},"end":{"line":20,"column":13}},"loc":{"start":{"line":20,"column":20},"end":{"line":26,"column":7}},"line":20},"2":{"name":"(anonymous_2)","decl":{"start":{"line":27,"column":12},"end":{"line":27,"column":13}},"loc":{"start":{"line":27,"column":22},"end":{"line":32,"column":7}},"line":27},"3":{"name":"(anonymous_3)","decl":{"start":{"line":33,"column":13},"end":{"line":33,"column":14}},"loc":{"start":{"line":33,"column":20},"end":{"line":41,"column":7}},"line":33},"4":{"name":"(anonymous_4)","decl":{"start":{"line":44,"column":2},"end":{"line":44,"column":3}},"loc":{"start":{"line":44,"column":31},"end":{"line":56,"column":3}},"line":44},"5":{"name":"(anonymous_5)","decl":{"start":{"line":47,"column":12},"end":{"line":47,"column":13}},"loc":{"start":{"line":47,"column":22},"end":{"line":52,"column":7}},"line":47},"6":{"name":"(anonymous_6)","decl":{"start":{"line":53,"column":13},"end":{"line":53,"column":14}},"loc":{"start":{"line":53,"column":20},"end":{"line":55,"column":7}},"line":53},"7":{"name":"(anonymous_7)","decl":{"start":{"line":58,"column":2},"end":{"line":58,"column":3}},"loc":{"start":{"line":58,"column":35},"end":{"line":87,"column":3}},"line":58},"8":{"name":"(anonymous_8)","decl":{"start":{"line":60,"column":12},"end":{"line":60,"column":13}},"loc":{"start":{"line":60,"column":20},"end":{"line":83,"column":7}},"line":60},"9":{"name":"(anonymous_9)","decl":{"start":{"line":74,"column":19},"end":{"line":74,"column":20}},"loc":{"start":{"line":74,"column":29},"end":{"line":74,"column":52}},"line":74},"10":{"name":"(anonymous_10)","decl":{"start":{"line":84,"column":13},"end":{"line":84,"column":14}},"loc":{"start":{"line":84,"column":20},"end":{"line":86,"column":7}},"line":84},"11":{"name":"(anonymous_11)","decl":{"start":{"line":89,"column":2},"end":{"line":89,"column":3}},"loc":{"start":{"line":89,"column":34},"end":{"line":115,"column":3}},"line":89},"12":{"name":"(anonymous_12)","decl":{"start":{"line":100,"column":12},"end":{"line":100,"column":13}},"loc":{"start":{"line":100,"column":20},"end":{"line":108,"column":7}},"line":100},"13":{"name":"(anonymous_13)","decl":{"start":{"line":109,"column":12},"end":{"line":109,"column":13}},"loc":{"start":{"line":109,"column":22},"end":{"line":111,"column":7}},"line":109},"14":{"name":"(anonymous_14)","decl":{"start":{"line":112,"column":13},"end":{"line":112,"column":14}},"loc":{"start":{"line":112,"column":20},"end":{"line":114,"column":7}},"line":112}},"branchMap":{"0":{"loc":{"start":{"line":21,"column":8},"end":{"line":25,"column":9}},"type":"if","locations":[{"start":{"line":21,"column":8},"end":{"line":25,"column":9}},{"start":{"line":21,"column":8},"end":{"line":25,"column":9}}],"line":21},"1":{"loc":{"start":{"line":34,"column":8},"end":{"line":40,"column":9}},"type":"if","locations":[{"start":{"line":34,"column":8},"end":{"line":40,"column":9}},{"start":{"line":34,"column":8},"end":{"line":40,"column":9}}],"line":34},"2":{"loc":{"start":{"line":65,"column":12},"end":{"line":68,"column":13}},"type":"if","locations":[{"start":{"line":65,"column":12},"end":{"line":68,"column":13}},{"start":{"line":65,"column":12},"end":{"line":68,"column":13}}],"line":65},"3":{"loc":{"start":{"line":70,"column":10},"end":{"line":72,"column":11}},"type":"if","locations":[{"start":{"line":70,"column":10},"end":{"line":72,"column":11}},{"start":{"line":70,"column":10},"end":{"line":72,"column":11}}],"line":70},"4":{"loc":{"start":{"line":77,"column":10},"end":{"line":79,"column":11}},"type":"if","locations":[{"start":{"line":77,"column":10},"end":{"line":79,"column":11}},{"start":{"line":77,"column":10},"end":{"line":79,"column":11}}],"line":77},"5":{"loc":{"start":{"line":102,"column":8},"end":{"line":107,"column":9}},"type":"if","locations":[{"start":{"line":102,"column":8},"end":{"line":107,"column":9}},{"start":{"line":102,"column":8},"end":{"line":107,"column":9}}],"line":102}},"s":{"0":1,"1":1,"2":2,"3":2,"4":2,"5":1,"6":1,"7":1,"8":1,"9":1,"10":0,"11":1,"12":1,"13":1,"14":0,"15":1,"16":1,"17":1,"18":1,"19":1,"20":1,"21":1,"22":0,"23":0,"24":0,"25":1,"26":1,"27":1,"28":0,"29":1,"30":1,"31":1,"32":2,"33":1,"34":1,"35":1,"36":0,"37":1,"38":1,"39":1,"40":0,"41":1,"42":1,"43":0,"44":1},"f":{"0":2,"1":2,"2":1,"3":1,"4":1,"5":1,"6":0,"7":1,"8":1,"9":0,"10":0,"11":1,"12":1,"13":1,"14":0},"b":{"0":[1,1],"1":[1,0],"2":[0,0],"3":[1,0],"4":[1,1],"5":[0,1]},"_coverageSchema":"1a1c01bbd47fc00a2c39e90264f33305004495a9","hash":"70247ab691ffd7123f1084e97ef2db6323eadbb9"}
,"/home/singgitbram/hacktiv phase 3/FINAL GRADUATION/Hokogu/server/controllers/userController.js": {"path":"/home/singgitbram/hacktiv phase 3/FINAL GRADUATION/Hokogu/server/controllers/userController.js","statementMap":{"0":{"start":{"line":1,"column":17},"end":{"line":1,"column":37}},"1":{"start":{"line":2,"column":10},"end":{"line":2,"column":33}},"2":{"start":{"line":3,"column":15},"end":{"line":3,"column":32}},"3":{"start":{"line":4,"column":25},"end":{"line":4,"column":55}},"4":{"start":{"line":8,"column":30},"end":{"line":8,"column":38}},"5":{"start":{"line":10,"column":4},"end":{"line":32,"column":9}},"6":{"start":{"line":14,"column":8},"end":{"line":28,"column":9}},"7":{"start":{"line":15,"column":10},"end":{"line":15,"column":68}},"8":{"start":{"line":17,"column":10},"end":{"line":27,"column":11}},"9":{"start":{"line":18,"column":24},"end":{"line":21,"column":13}},"10":{"start":{"line":22,"column":12},"end":{"line":24,"column":69}},"11":{"start":{"line":26,"column":12},"end":{"line":26,"column":64}},"12":{"start":{"line":31,"column":8},"end":{"line":31,"column":67}},"13":{"start":{"line":36,"column":46},"end":{"line":36,"column":54}},"14":{"start":{"line":37,"column":4},"end":{"line":37,"column":23}},"15":{"start":{"line":38,"column":4},"end":{"line":38,"column":26}},"16":{"start":{"line":39,"column":4},"end":{"line":67,"column":9}},"17":{"start":{"line":43,"column":8},"end":{"line":52,"column":9}},"18":{"start":{"line":44,"column":10},"end":{"line":44,"column":62}},"19":{"start":{"line":46,"column":10},"end":{"line":51,"column":13}},"20":{"start":{"line":55,"column":20},"end":{"line":58,"column":9}},"21":{"start":{"line":59,"column":8},"end":{"line":59,"column":68}},"22":{"start":{"line":62,"column":8},"end":{"line":66,"column":9}},"23":{"start":{"line":63,"column":10},"end":{"line":63,"column":67}},"24":{"start":{"line":65,"column":10},"end":{"line":65,"column":69}},"25":{"start":{"line":71,"column":19},"end":{"line":71,"column":64}},"26":{"start":{"line":72,"column":15},"end":{"line":72,"column":17}},"27":{"start":{"line":73,"column":17},"end":{"line":73,"column":22}},"28":{"start":{"line":74,"column":4},"end":{"line":119,"column":9}},"29":{"start":{"line":80,"column":24},"end":{"line":80,"column":43}},"30":{"start":{"line":81,"column":8},"end":{"line":86,"column":10}},"31":{"start":{"line":87,"column":8},"end":{"line":87,"column":62}},"32":{"start":{"line":90,"column":8},"end":{"line":102,"column":9}},"33":{"start":{"line":91,"column":22},"end":{"line":94,"column":11}},"34":{"start":{"line":95,"column":10},"end":{"line":95,"column":24}},"35":{"start":{"line":96,"column":10},"end":{"line":98,"column":75}},"36":{"start":{"line":100,"column":10},"end":{"line":100,"column":40}},"37":{"start":{"line":101,"column":10},"end":{"line":101,"column":35}},"38":{"start":{"line":105,"column":8},"end":{"line":111,"column":9}},"39":{"start":{"line":106,"column":22},"end":{"line":109,"column":11}},"40":{"start":{"line":110,"column":10},"end":{"line":110,"column":84}},"41":{"start":{"line":114,"column":8},"end":{"line":118,"column":9}},"42":{"start":{"line":115,"column":10},"end":{"line":115,"column":20}},"43":{"start":{"line":117,"column":10},"end":{"line":117,"column":51}},"44":{"start":{"line":123,"column":15},"end":{"line":123,"column":28}},"45":{"start":{"line":124,"column":4},"end":{"line":142,"column":8}},"46":{"start":{"line":128,"column":8},"end":{"line":138,"column":9}},"47":{"start":{"line":129,"column":21},"end":{"line":133,"column":11}},"48":{"start":{"line":134,"column":10},"end":{"line":134,"column":99}},"49":{"start":{"line":137,"column":10},"end":{"line":137,"column":61}},"50":{"start":{"line":141,"column":8},"end":{"line":141,"column":66}},"51":{"start":{"line":146,"column":15},"end":{"line":146,"column":28}},"52":{"start":{"line":147,"column":16},"end":{"line":151,"column":5}},"53":{"start":{"line":152,"column":4},"end":{"line":170,"column":8}},"54":{"start":{"line":156,"column":8},"end":{"line":163,"column":9}},"55":{"start":{"line":157,"column":10},"end":{"line":157,"column":61}},"56":{"start":{"line":160,"column":10},"end":{"line":162,"column":12}},"57":{"start":{"line":166,"column":8},"end":{"line":166,"column":81}},"58":{"start":{"line":169,"column":8},"end":{"line":169,"column":66}},"59":{"start":{"line":174,"column":0},"end":{"line":174,"column":32}}},"fnMap":{"0":{"name":"(anonymous_0)","decl":{"start":{"line":7,"column":2},"end":{"line":7,"column":3}},"loc":{"start":{"line":7,"column":29},"end":{"line":33,"column":3}},"line":7},"1":{"name":"(anonymous_1)","decl":{"start":{"line":13,"column":12},"end":{"line":13,"column":13}},"loc":{"start":{"line":13,"column":20},"end":{"line":29,"column":7}},"line":13},"2":{"name":"(anonymous_2)","decl":{"start":{"line":30,"column":13},"end":{"line":30,"column":14}},"loc":{"start":{"line":30,"column":20},"end":{"line":32,"column":7}},"line":30},"3":{"name":"(anonymous_3)","decl":{"start":{"line":35,"column":2},"end":{"line":35,"column":3}},"loc":{"start":{"line":35,"column":32},"end":{"line":68,"column":3}},"line":35},"4":{"name":"(anonymous_4)","decl":{"start":{"line":42,"column":12},"end":{"line":42,"column":13}},"loc":{"start":{"line":42,"column":20},"end":{"line":53,"column":7}},"line":42},"5":{"name":"(anonymous_5)","decl":{"start":{"line":54,"column":12},"end":{"line":54,"column":13}},"loc":{"start":{"line":54,"column":21},"end":{"line":60,"column":7}},"line":54},"6":{"name":"(anonymous_6)","decl":{"start":{"line":61,"column":13},"end":{"line":61,"column":14}},"loc":{"start":{"line":61,"column":20},"end":{"line":67,"column":7}},"line":61},"7":{"name":"(anonymous_7)","decl":{"start":{"line":70,"column":2},"end":{"line":70,"column":3}},"loc":{"start":{"line":70,"column":37},"end":{"line":120,"column":3}},"line":70},"8":{"name":"(anonymous_8)","decl":{"start":{"line":79,"column":12},"end":{"line":79,"column":13}},"loc":{"start":{"line":79,"column":22},"end":{"line":88,"column":7}},"line":79},"9":{"name":"(anonymous_9)","decl":{"start":{"line":89,"column":12},"end":{"line":89,"column":13}},"loc":{"start":{"line":89,"column":24},"end":{"line":103,"column":7}},"line":89},"10":{"name":"(anonymous_10)","decl":{"start":{"line":104,"column":12},"end":{"line":104,"column":13}},"loc":{"start":{"line":104,"column":22},"end":{"line":112,"column":7}},"line":104},"11":{"name":"(anonymous_11)","decl":{"start":{"line":113,"column":13},"end":{"line":113,"column":14}},"loc":{"start":{"line":113,"column":20},"end":{"line":119,"column":7}},"line":113},"12":{"name":"(anonymous_12)","decl":{"start":{"line":122,"column":2},"end":{"line":122,"column":3}},"loc":{"start":{"line":122,"column":27},"end":{"line":143,"column":3}},"line":122},"13":{"name":"(anonymous_13)","decl":{"start":{"line":127,"column":12},"end":{"line":127,"column":13}},"loc":{"start":{"line":127,"column":22},"end":{"line":139,"column":7}},"line":127},"14":{"name":"(anonymous_14)","decl":{"start":{"line":140,"column":13},"end":{"line":140,"column":14}},"loc":{"start":{"line":140,"column":20},"end":{"line":142,"column":7}},"line":140},"15":{"name":"(anonymous_15)","decl":{"start":{"line":145,"column":2},"end":{"line":145,"column":3}},"loc":{"start":{"line":145,"column":28},"end":{"line":171,"column":3}},"line":145},"16":{"name":"(anonymous_16)","decl":{"start":{"line":155,"column":12},"end":{"line":155,"column":13}},"loc":{"start":{"line":155,"column":22},"end":{"line":164,"column":7}},"line":155},"17":{"name":"(anonymous_17)","decl":{"start":{"line":165,"column":12},"end":{"line":165,"column":13}},"loc":{"start":{"line":165,"column":20},"end":{"line":167,"column":7}},"line":165},"18":{"name":"(anonymous_18)","decl":{"start":{"line":168,"column":13},"end":{"line":168,"column":14}},"loc":{"start":{"line":168,"column":20},"end":{"line":170,"column":7}},"line":168}},"branchMap":{"0":{"loc":{"start":{"line":14,"column":8},"end":{"line":28,"column":9}},"type":"if","locations":[{"start":{"line":14,"column":8},"end":{"line":28,"column":9}},{"start":{"line":14,"column":8},"end":{"line":28,"column":9}}],"line":14},"1":{"loc":{"start":{"line":17,"column":10},"end":{"line":27,"column":11}},"type":"if","locations":[{"start":{"line":17,"column":10},"end":{"line":27,"column":11}},{"start":{"line":17,"column":10},"end":{"line":27,"column":11}}],"line":17},"2":{"loc":{"start":{"line":43,"column":8},"end":{"line":52,"column":9}},"type":"if","locations":[{"start":{"line":43,"column":8},"end":{"line":52,"column":9}},{"start":{"line":43,"column":8},"end":{"line":52,"column":9}}],"line":43},"3":{"loc":{"start":{"line":62,"column":8},"end":{"line":66,"column":9}},"type":"if","locations":[{"start":{"line":62,"column":8},"end":{"line":66,"column":9}},{"start":{"line":62,"column":8},"end":{"line":66,"column":9}}],"line":62},"4":{"loc":{"start":{"line":90,"column":8},"end":{"line":102,"column":9}},"type":"if","locations":[{"start":{"line":90,"column":8},"end":{"line":102,"column":9}},{"start":{"line":90,"column":8},"end":{"line":102,"column":9}}],"line":90},"5":{"loc":{"start":{"line":105,"column":8},"end":{"line":111,"column":9}},"type":"if","locations":[{"start":{"line":105,"column":8},"end":{"line":111,"column":9}},{"start":{"line":105,"column":8},"end":{"line":111,"column":9}}],"line":105},"6":{"loc":{"start":{"line":114,"column":8},"end":{"line":118,"column":9}},"type":"if","locations":[{"start":{"line":114,"column":8},"end":{"line":118,"column":9}},{"start":{"line":114,"column":8},"end":{"line":118,"column":9}}],"line":114},"7":{"loc":{"start":{"line":128,"column":8},"end":{"line":138,"column":9}},"type":"if","locations":[{"start":{"line":128,"column":8},"end":{"line":138,"column":9}},{"start":{"line":128,"column":8},"end":{"line":138,"column":9}}],"line":128},"8":{"loc":{"start":{"line":156,"column":8},"end":{"line":163,"column":9}},"type":"if","locations":[{"start":{"line":156,"column":8},"end":{"line":163,"column":9}},{"start":{"line":156,"column":8},"end":{"line":163,"column":9}}],"line":156}},"s":{"0":1,"1":1,"2":1,"3":1,"4":3,"5":3,"6":3,"7":1,"8":2,"9":1,"10":1,"11":1,"12":0,"13":2,"14":2,"15":2,"16":2,"17":2,"18":1,"19":1,"20":1,"21":1,"22":1,"23":1,"24":0,"25":0,"26":0,"27":0,"28":0,"29":0,"30":0,"31":0,"32":0,"33":0,"34":0,"35":0,"36":0,"37":0,"38":0,"39":0,"40":0,"41":0,"42":0,"43":0,"44":2,"45":2,"46":2,"47":1,"48":1,"49":1,"50":0,"51":2,"52":2,"53":2,"54":2,"55":1,"56":1,"57":2,"58":1,"59":1},"f":{"0":3,"1":3,"2":0,"3":2,"4":2,"5":1,"6":1,"7":0,"8":0,"9":0,"10":0,"11":0,"12":2,"13":2,"14":0,"15":2,"16":2,"17":2,"18":1},"b":{"0":[1,2],"1":[1,1],"2":[1,1],"3":[1,0],"4":[0,0],"5":[0,0],"6":[0,0],"7":[1,1],"8":[1,1]},"_coverageSchema":"1a1c01bbd47fc00a2c39e90264f33305004495a9","hash":"5b6500aa4ac213c470f63adbc9eafe56783d7968"}
,"/home/singgitbram/hacktiv phase 3/FINAL GRADUATION/Hokogu/server/middlewares/authentication.js": {"path":"/home/singgitbram/hacktiv phase 3/FINAL GRADUATION/Hokogu/server/middlewares/authentication.js","statementMap":{"0":{"start":{"line":1,"column":12},"end":{"line":1,"column":35}},"1":{"start":{"line":2,"column":17},"end":{"line":2,"column":37}},"2":{"start":{"line":4,"column":23},"end":{"line":23,"column":1}},"3":{"start":{"line":5,"column":4},"end":{"line":22,"column":5}},"4":{"start":{"line":6,"column":26},"end":{"line":6,"column":37}},"5":{"start":{"line":7,"column":24},"end":{"line":7,"column":61}},"6":{"start":{"line":8,"column":8},"end":{"line":8,"column":31}},"7":{"start":{"line":9,"column":8},"end":{"line":16,"column":15}},"8":{"start":{"line":11,"column":16},"end":{"line":15,"column":17}},"9":{"start":{"line":12,"column":20},"end":{"line":14,"column":23}},"10":{"start":{"line":17,"column":8},"end":{"line":17,"column":15}},"11":{"start":{"line":19,"column":8},"end":{"line":21,"column":11}},"12":{"start":{"line":25,"column":0},"end":{"line":25,"column":32}}},"fnMap":{"0":{"name":"(anonymous_0)","decl":{"start":{"line":4,"column":23},"end":{"line":4,"column":24}},"loc":{"start":{"line":4,"column":49},"end":{"line":23,"column":1}},"line":4},"1":{"name":"(anonymous_1)","decl":{"start":{"line":10,"column":18},"end":{"line":10,"column":19}},"loc":{"start":{"line":10,"column":28},"end":{"line":16,"column":13}},"line":10}},"branchMap":{"0":{"loc":{"start":{"line":11,"column":16},"end":{"line":15,"column":17}},"type":"if","locations":[{"start":{"line":11,"column":16},"end":{"line":15,"column":17}},{"start":{"line":11,"column":16},"end":{"line":15,"column":17}}],"line":11}},"s":{"0":1,"1":1,"2":1,"3":9,"4":9,"5":9,"6":9,"7":9,"8":9,"9":0,"10":9,"11":0,"12":1},"f":{"0":9,"1":9},"b":{"0":[0,9]},"_coverageSchema":"1a1c01bbd47fc00a2c39e90264f33305004495a9","hash":"2bb27bdd44812038f61cfdd1a2ccd820a0a1f88a"}
,"/home/singgitbram/hacktiv phase 3/FINAL GRADUATION/Hokogu/server/middlewares/authorization.js": {"path":"/home/singgitbram/hacktiv phase 3/FINAL GRADUATION/Hokogu/server/middlewares/authorization.js","statementMap":{"0":{"start":{"line":1,"column":21},"end":{"line":1,"column":41}},"1":{"start":{"line":2,"column":15},"end":{"line":2,"column":35}},"2":{"start":{"line":4,"column":22},"end":{"line":34,"column":1}},"3":{"start":{"line":5,"column":11},"end":{"line":5,"column":24}},"4":{"start":{"line":6,"column":2},"end":{"line":33,"column":5}},"5":{"start":{"line":15,"column":4},"end":{"line":27,"column":5}},"6":{"start":{"line":16,"column":6},"end":{"line":18,"column":9}},"7":{"start":{"line":20,"column":6},"end":{"line":26,"column":7}},"8":{"start":{"line":21,"column":8},"end":{"line":23,"column":11}},"9":{"start":{"line":25,"column":8},"end":{"line":25,"column":15}},"10":{"start":{"line":30,"column":4},"end":{"line":32,"column":7}},"11":{"start":{"line":36,"column":0},"end":{"line":36,"column":31}}},"fnMap":{"0":{"name":"(anonymous_0)","decl":{"start":{"line":4,"column":22},"end":{"line":4,"column":23}},"loc":{"start":{"line":4,"column":47},"end":{"line":34,"column":1}},"line":4},"1":{"name":"(anonymous_1)","decl":{"start":{"line":14,"column":8},"end":{"line":14,"column":9}},"loc":{"start":{"line":14,"column":16},"end":{"line":28,"column":3}},"line":14},"2":{"name":"(anonymous_2)","decl":{"start":{"line":29,"column":9},"end":{"line":29,"column":10}},"loc":{"start":{"line":29,"column":16},"end":{"line":33,"column":3}},"line":29}},"branchMap":{"0":{"loc":{"start":{"line":15,"column":4},"end":{"line":27,"column":5}},"type":"if","locations":[{"start":{"line":15,"column":4},"end":{"line":27,"column":5}},{"start":{"line":15,"column":4},"end":{"line":27,"column":5}}],"line":15},"1":{"loc":{"start":{"line":20,"column":6},"end":{"line":26,"column":7}},"type":"if","locations":[{"start":{"line":20,"column":6},"end":{"line":26,"column":7}},{"start":{"line":20,"column":6},"end":{"line":26,"column":7}}],"line":20}},"s":{"0":1,"1":1,"2":1,"3":2,"4":2,"5":2,"6":1,"7":1,"8":0,"9":1,"10":0,"11":1},"f":{"0":2,"1":2,"2":0},"b":{"0":[1,1],"1":[0,1]},"_coverageSchema":"1a1c01bbd47fc00a2c39e90264f33305004495a9","hash":"85e2f981d21cd788dc704f64a6624f7be989a4be"}
,"/home/singgitbram/hacktiv phase 3/FINAL GRADUATION/Hokogu/server/models/favorite.js": {"path":"/home/singgitbram/hacktiv phase 3/FINAL GRADUATION/Hokogu/server/models/favorite.js","statementMap":{"0":{"start":{"line":2,"column":0},"end":{"line":22,"column":2}},"1":{"start":{"line":3,"column":20},"end":{"line":3,"column":39}},"2":{"start":{"line":5,"column":2},"end":{"line":15,"column":4}},"3":{"start":{"line":17,"column":2},"end":{"line":20,"column":4}},"4":{"start":{"line":19,"column":4},"end":{"line":19,"column":62}},"5":{"start":{"line":21,"column":2},"end":{"line":21,"column":18}}},"fnMap":{"0":{"name":"(anonymous_0)","decl":{"start":{"line":2,"column":17},"end":{"line":2,"column":18}},"loc":{"start":{"line":2,"column":43},"end":{"line":22,"column":1}},"line":2},"1":{"name":"(anonymous_1)","decl":{"start":{"line":17,"column":23},"end":{"line":17,"column":24}},"loc":{"start":{"line":17,"column":40},"end":{"line":20,"column":3}},"line":17}},"branchMap":{},"s":{"0":1,"1":1,"2":1,"3":1,"4":1,"5":1},"f":{"0":1,"1":1},"b":{},"_coverageSchema":"1a1c01bbd47fc00a2c39e90264f33305004495a9","hash":"45459d2088063c8605ee3abead0b5b586f0b2ca2"}
,"/home/singgitbram/hacktiv phase 3/FINAL GRADUATION/Hokogu/server/models/index.js": {"path":"/home/singgitbram/hacktiv phase 3/FINAL GRADUATION/Hokogu/server/models/index.js","statementMap":{"0":{"start":{"line":3,"column":11},"end":{"line":3,"column":24}},"1":{"start":{"line":4,"column":13},"end":{"line":4,"column":28}},"2":{"start":{"line":5,"column":18},"end":{"line":5,"column":38}},"3":{"start":{"line":6,"column":17},"end":{"line":6,"column":42}},"4":{"start":{"line":7,"column":12},"end":{"line":7,"column":49}},"5":{"start":{"line":8,"column":15},"end":{"line":8,"column":65}},"6":{"start":{"line":9,"column":11},"end":{"line":9,"column":13}},"7":{"start":{"line":12,"column":0},"end":{"line":16,"column":1}},"8":{"start":{"line":13,"column":2},"end":{"line":13,"column":74}},"9":{"start":{"line":15,"column":2},"end":{"line":15,"column":87}},"10":{"start":{"line":18,"column":0},"end":{"line":26,"column":5}},"11":{"start":{"line":21,"column":4},"end":{"line":21,"column":90}},"12":{"start":{"line":24,"column":18},"end":{"line":24,"column":65}},"13":{"start":{"line":25,"column":4},"end":{"line":25,"column":27}},"14":{"start":{"line":28,"column":0},"end":{"line":32,"column":3}},"15":{"start":{"line":29,"column":2},"end":{"line":31,"column":3}},"16":{"start":{"line":30,"column":4},"end":{"line":30,"column":32}},"17":{"start":{"line":34,"column":0},"end":{"line":34,"column":25}},"18":{"start":{"line":35,"column":0},"end":{"line":35,"column":25}},"19":{"start":{"line":37,"column":0},"end":{"line":37,"column":20}}},"fnMap":{"0":{"name":"(anonymous_0)","decl":{"start":{"line":20,"column":10},"end":{"line":20,"column":11}},"loc":{"start":{"line":20,"column":18},"end":{"line":22,"column":3}},"line":20},"1":{"name":"(anonymous_1)","decl":{"start":{"line":23,"column":11},"end":{"line":23,"column":12}},"loc":{"start":{"line":23,"column":19},"end":{"line":26,"column":3}},"line":23},"2":{"name":"(anonymous_2)","decl":{"start":{"line":28,"column":24},"end":{"line":28,"column":25}},"loc":{"start":{"line":28,"column":37},"end":{"line":32,"column":1}},"line":28}},"branchMap":{"0":{"loc":{"start":{"line":7,"column":12},"end":{"line":7,"column":49}},"type":"binary-expr","locations":[{"start":{"line":7,"column":12},"end":{"line":7,"column":32}},{"start":{"line":7,"column":36},"end":{"line":7,"column":49}}],"line":7},"1":{"loc":{"start":{"line":12,"column":0},"end":{"line":16,"column":1}},"type":"if","locations":[{"start":{"line":12,"column":0},"end":{"line":16,"column":1}},{"start":{"line":12,"column":0},"end":{"line":16,"column":1}}],"line":12},"2":{"loc":{"start":{"line":21,"column":11},"end":{"line":21,"column":89}},"type":"binary-expr","locations":[{"start":{"line":21,"column":12},"end":{"line":21,"column":35}},{"start":{"line":21,"column":41},"end":{"line":21,"column":58}},{"start":{"line":21,"column":64},"end":{"line":21,"column":88}}],"line":21},"3":{"loc":{"start":{"line":29,"column":2},"end":{"line":31,"column":3}},"type":"if","locations":[{"start":{"line":29,"column":2},"end":{"line":31,"column":3}},{"start":{"line":29,"column":2},"end":{"line":31,"column":3}}],"line":29}},"s":{"0":1,"1":1,"2":1,"3":1,"4":1,"5":1,"6":1,"7":1,"8":0,"9":1,"10":1,"11":3,"12":2,"13":2,"14":1,"15":2,"16":2,"17":1,"18":1,"19":1},"f":{"0":3,"1":2,"2":2},"b":{"0":[1,0],"1":[0,1],"2":[3,3,2],"3":[2,0]},"_coverageSchema":"1a1c01bbd47fc00a2c39e90264f33305004495a9","hash":"b2b597690a3aaaa764099e83815d2542e21c6808"}
,"/home/singgitbram/hacktiv phase 3/FINAL GRADUATION/Hokogu/server/models/user.js": {"path":"/home/singgitbram/hacktiv phase 3/FINAL GRADUATION/Hokogu/server/models/user.js","statementMap":{"0":{"start":{"line":2,"column":15},"end":{"line":2,"column":32}},"1":{"start":{"line":4,"column":0},"end":{"line":61,"column":2}},"2":{"start":{"line":5,"column":20},"end":{"line":5,"column":39}},"3":{"start":{"line":7,"column":2},"end":{"line":55,"column":4}},"4":{"start":{"line":48,"column":21},"end":{"line":48,"column":43}},"5":{"start":{"line":49,"column":21},"end":{"line":49,"column":61}},"6":{"start":{"line":50,"column":10},"end":{"line":50,"column":35}},"7":{"start":{"line":56,"column":2},"end":{"line":59,"column":4}},"8":{"start":{"line":58,"column":4},"end":{"line":58,"column":60}},"9":{"start":{"line":60,"column":2},"end":{"line":60,"column":14}}},"fnMap":{"0":{"name":"(anonymous_0)","decl":{"start":{"line":4,"column":17},"end":{"line":4,"column":18}},"loc":{"start":{"line":4,"column":43},"end":{"line":61,"column":1}},"line":4},"1":{"name":"(anonymous_1)","decl":{"start":{"line":47,"column":22},"end":{"line":47,"column":23}},"loc":{"start":{"line":47,"column":44},"end":{"line":51,"column":9}},"line":47},"2":{"name":"(anonymous_2)","decl":{"start":{"line":56,"column":19},"end":{"line":56,"column":20}},"loc":{"start":{"line":56,"column":36},"end":{"line":59,"column":3}},"line":56}},"branchMap":{},"s":{"0":1,"1":1,"2":1,"3":1,"4":1,"5":1,"6":1,"7":1,"8":1,"9":1},"f":{"0":1,"1":1,"2":1},"b":{},"_coverageSchema":"1a1c01bbd47fc00a2c39e90264f33305004495a9","hash":"7d0f95a4650c84fd11b56539a7fcc2178e92f737"}
,"/home/singgitbram/hacktiv phase 3/FINAL GRADUATION/Hokogu/server/routes/favoriteRouter.js": {"path":"/home/singgitbram/hacktiv phase 3/FINAL GRADUATION/Hokogu/server/routes/favoriteRouter.js","statementMap":{"0":{"start":{"line":1,"column":15},"end":{"line":1,"column":42}},"1":{"start":{"line":2,"column":23},"end":{"line":2,"column":67}},"2":{"start":{"line":3,"column":23},"end":{"line":3,"column":63}},"3":{"start":{"line":4,"column":22},"end":{"line":4,"column":61}},"4":{"start":{"line":6,"column":0},"end":{"line":10,"column":80}},"5":{"start":{"line":12,"column":0},"end":{"line":12,"column":24}}},"fnMap":{},"branchMap":{},"s":{"0":1,"1":1,"2":1,"3":1,"4":1,"5":1},"f":{},"b":{},"_coverageSchema":"1a1c01bbd47fc00a2c39e90264f33305004495a9","hash":"12fd0b9bda632911e0c882a1bd5ed980108fa9b1"}
,"/home/singgitbram/hacktiv phase 3/FINAL GRADUATION/Hokogu/server/routes/index.js": {"path":"/home/singgitbram/hacktiv phase 3/FINAL GRADUATION/Hokogu/server/routes/index.js","statementMap":{"0":{"start":{"line":1,"column":15},"end":{"line":1,"column":42}},"1":{"start":{"line":2,"column":20},"end":{"line":2,"column":43}},"2":{"start":{"line":3,"column":24},"end":{"line":3,"column":51}},"3":{"start":{"line":5,"column":0},"end":{"line":5,"column":34}},"4":{"start":{"line":6,"column":0},"end":{"line":6,"column":42}},"5":{"start":{"line":8,"column":0},"end":{"line":8,"column":24}}},"fnMap":{},"branchMap":{},"s":{"0":1,"1":1,"2":1,"3":1,"4":1,"5":1},"f":{},"b":{},"_coverageSchema":"1a1c01bbd47fc00a2c39e90264f33305004495a9","hash":"30232e6b0aabe8e0b06dbcc9ae4d8beb59cf75e3"}
,"/home/singgitbram/hacktiv phase 3/FINAL GRADUATION/Hokogu/server/routes/userRouter.js": {"path":"/home/singgitbram/hacktiv phase 3/FINAL GRADUATION/Hokogu/server/routes/userRouter.js","statementMap":{"0":{"start":{"line":1,"column":15},"end":{"line":1,"column":42}},"1":{"start":{"line":2,"column":23},"end":{"line":2,"column":63}},"2":{"start":{"line":3,"column":23},"end":{"line":3,"column":63}},"3":{"start":{"line":5,"column":0},"end":{"line":10,"column":55}},"4":{"start":{"line":12,"column":0},"end":{"line":12,"column":24}}},"fnMap":{},"branchMap":{},"s":{"0":1,"1":1,"2":1,"3":1,"4":1},"f":{},"b":{},"_coverageSchema":"1a1c01bbd47fc00a2c39e90264f33305004495a9","hash":"48b45136d63d1e5ddef5ae828f4894cc50285a0a"}
}
