TN:
SF:app.js
FNF:0
FNH:0
DA:1,1
DA:2,1
DA:3,1
DA:4,1
DA:5,1
DA:7,1
DA:8,1
DA:9,1
DA:11,1
DA:12,1
DA:16,1
LF:11
LH:11
BRF:0
BRH:0
end_of_record
TN:
SF:controllers/favoriteController.js
FN:5,(anonymous_0)
FN:20,(anonymous_1)
FN:27,(anonymous_2)
FN:33,(anonymous_3)
FN:44,(anonymous_4)
FN:47,(anonymous_5)
FN:53,(anonymous_6)
FN:58,(anonymous_7)
FN:60,(anonymous_8)
FN:74,(anonymous_9)
FN:84,(anonymous_10)
FN:89,(anonymous_11)
FN:100,(anonymous_12)
FN:109,(anonymous_13)
FN:112,(anonymous_14)
FNF:15
FNH:11
FNDA:2,(anonymous_0)
FNDA:2,(anonymous_1)
FNDA:1,(anonymous_2)
FNDA:1,(anonymous_3)
FNDA:1,(anonymous_4)
FNDA:1,(anonymous_5)
FNDA:0,(anonymous_6)
FNDA:1,(anonymous_7)
FNDA:1,(anonymous_8)
FNDA:0,(anonymous_9)
FNDA:0,(anonymous_10)
FNDA:1,(anonymous_11)
FNDA:1,(anonymous_12)
FNDA:1,(anonymous_13)
FNDA:0,(anonymous_14)
DA:1,1
DA:2,1
DA:6,2
DA:14,2
DA:21,2
DA:22,1
DA:24,1
DA:28,1
DA:34,1
DA:35,1
DA:37,0
DA:45,1
DA:46,1
DA:48,1
DA:54,0
DA:59,1
DA:61,1
DA:62,1
DA:63,1
DA:64,1
DA:65,0
DA:66,0
DA:67,0
DA:70,1
DA:71,1
DA:74,1
DA:75,1
DA:76,1
DA:77,2
DA:78,1
DA:80,1
DA:82,1
DA:85,0
DA:90,1
DA:92,1
DA:102,1
DA:103,0
DA:106,1
DA:110,1
DA:113,0
DA:118,1
LF:41
LH:33
BRDA:21,0,0,1
BRDA:21,0,1,1
BRDA:34,1,0,1
BRDA:34,1,1,0
BRDA:65,2,0,0
BRDA:65,2,1,0
BRDA:70,3,0,1
BRDA:70,3,1,0
BRDA:77,4,0,1
BRDA:77,4,1,1
BRDA:102,5,0,0
BRDA:102,5,1,1
BRF:12
BRH:7
end_of_record
TN:
SF:controllers/userController.js
FN:7,(anonymous_0)
FN:13,(anonymous_1)
FN:30,(anonymous_2)
FN:35,(anonymous_3)
FN:40,(anonymous_4)
FN:52,(anonymous_5)
FN:59,(anonymous_6)
FN:68,(anonymous_7)
FN:77,(anonymous_8)
FN:87,(anonymous_9)
FN:102,(anonymous_10)
FN:113,(anonymous_11)
FN:122,(anonymous_12)
FN:127,(anonymous_13)
FN:142,(anonymous_14)
FN:147,(anonymous_15)
FN:157,(anonymous_16)
FN:167,(anonymous_17)
FN:172,(anonymous_18)
FNF:19
FNH:13
FNDA:3,(anonymous_0)
FNDA:3,(anonymous_1)
FNDA:0,(anonymous_2)
FNDA:2,(anonymous_3)
FNDA:2,(anonymous_4)
FNDA:1,(anonymous_5)
FNDA:1,(anonymous_6)
FNDA:2,(anonymous_7)
FNDA:0,(anonymous_8)
FNDA:0,(anonymous_9)
FNDA:0,(anonymous_10)
FNDA:0,(anonymous_11)
FNDA:2,(anonymous_12)
FNDA:2,(anonymous_13)
FNDA:0,(anonymous_14)
FNDA:2,(anonymous_15)
FNDA:2,(anonymous_16)
FNDA:1,(anonymous_17)
FNDA:1,(anonymous_18)
DA:1,1
DA:2,1
DA:3,1
DA:4,1
DA:8,3
DA:10,3
DA:14,3
DA:15,1
DA:17,2
DA:18,1
DA:22,1
DA:26,1
DA:31,0
DA:36,2
DA:37,2
DA:41,2
DA:42,1
DA:44,1
DA:53,1
DA:57,1
DA:60,1
DA:61,1
DA:63,0
DA:69,2
DA:70,2
DA:71,2
DA:72,2
DA:78,0
DA:79,0
DA:85,0
DA:88,0
DA:89,0
DA:93,0
DA:94,0
DA:98,0
DA:99,0
DA:103,0
DA:104,0
DA:108,0
DA:114,0
DA:115,0
DA:117,0
DA:123,2
DA:124,2
DA:128,2
DA:129,1
DA:134,1
DA:139,1
DA:143,0
DA:148,2
DA:149,2
DA:154,2
DA:158,2
DA:160,1
DA:162,1
DA:168,1
DA:173,1
DA:174,1
DA:176,0
DA:182,1
LF:60
LH:41
BRDA:14,0,0,1
BRDA:14,0,1,2
BRDA:17,1,0,1
BRDA:17,1,1,1
BRDA:41,2,0,1
BRDA:41,2,1,1
BRDA:60,3,0,1
BRDA:60,3,1,0
BRDA:88,4,0,0
BRDA:88,4,1,0
BRDA:103,5,0,0
BRDA:103,5,1,0
BRDA:114,6,0,0
BRDA:114,6,1,0
BRDA:128,7,0,1
BRDA:128,7,1,1
BRDA:158,8,0,1
BRDA:158,8,1,1
BRDA:173,9,0,1
BRDA:173,9,1,0
BRF:20
BRH:12
end_of_record
TN:
SF:middlewares/authentication.js
FN:4,(anonymous_0)
FN:10,(anonymous_1)
FNF:2
FNH:2
FNDA:9,(anonymous_0)
FNDA:9,(anonymous_1)
DA:1,1
DA:2,1
DA:4,1
DA:5,9
DA:6,9
DA:7,9
DA:8,9
DA:9,9
DA:11,9
DA:12,0
DA:17,9
DA:19,0
DA:25,1
LF:13
LH:11
BRDA:11,0,0,0
BRDA:11,0,1,9
BRF:2
BRH:1
end_of_record
TN:
SF:middlewares/authorization.js
FN:4,(anonymous_0)
FN:14,(anonymous_1)
FN:29,(anonymous_2)
FNF:3
FNH:2
FNDA:2,(anonymous_0)
FNDA:2,(anonymous_1)
FNDA:0,(anonymous_2)
DA:1,1
DA:2,1
DA:4,1
DA:5,2
DA:6,2
DA:15,2
DA:16,1
DA:20,1
DA:21,0
DA:25,1
DA:30,0
DA:36,1
LF:12
LH:10
BRDA:15,0,0,1
BRDA:15,0,1,1
BRDA:20,1,0,0
BRDA:20,1,1,1
BRF:4
BRH:3
end_of_record
TN:
SF:models/favorite.js
FN:2,(anonymous_0)
FN:17,(anonymous_1)
FNF:2
FNH:2
FNDA:1,(anonymous_0)
FNDA:1,(anonymous_1)
DA:2,1
DA:3,1
DA:5,1
DA:17,1
DA:19,1
DA:21,1
LF:6
LH:6
BRF:0
BRH:0
end_of_record
TN:
SF:models/index.js
FN:20,(anonymous_0)
FN:23,(anonymous_1)
FN:28,(anonymous_2)
FNF:3
FNH:3
FNDA:3,(anonymous_0)
FNDA:2,(anonymous_1)
FNDA:2,(anonymous_2)
DA:3,1
DA:4,1
DA:5,1
DA:6,1
DA:7,1
DA:8,1
DA:9,1
DA:12,1
DA:13,0
DA:15,1
DA:18,1
DA:21,3
DA:24,2
DA:25,2
DA:28,1
DA:29,2
DA:30,2
DA:34,1
DA:35,1
DA:37,1
LF:20
LH:19
BRDA:7,0,0,1
BRDA:7,0,1,0
BRDA:12,1,0,0
BRDA:12,1,1,1
BRDA:21,2,0,3
BRDA:21,2,1,3
BRDA:21,2,2,2
BRDA:29,3,0,2
BRDA:29,3,1,0
BRF:9
BRH:6
end_of_record
TN:
SF:models/user.js
FN:4,(anonymous_0)
FN:47,(anonymous_1)
FN:56,(anonymous_2)
FNF:3
FNH:3
FNDA:1,(anonymous_0)
FNDA:1,(anonymous_1)
FNDA:1,(anonymous_2)
DA:2,1
DA:4,1
DA:5,1
DA:7,1
DA:48,1
DA:49,1
DA:50,1
DA:56,1
DA:58,1
DA:60,1
LF:10
LH:10
BRF:0
BRH:0
end_of_record
TN:
SF:routes/favoriteRouter.js
FNF:0
FNH:0
DA:1,1
DA:2,1
DA:3,1
DA:4,1
DA:6,1
DA:12,1
LF:6
LH:6
BRF:0
BRH:0
end_of_record
TN:
SF:routes/index.js
FNF:0
FNH:0
DA:1,1
DA:2,1
DA:3,1
DA:5,1
DA:6,1
DA:8,1
LF:6
LH:6
BRF:0
BRH:0
end_of_record
TN:
SF:routes/userRouter.js
FNF:0
FNH:0
DA:1,1
DA:2,1
DA:3,1
DA:5,1
DA:12,1
LF:5
LH:5
BRF:0
BRH:0
end_of_record
